Using pre-set license
Built from '2020.3/staging' branch; Version is '2020.3.43f1 (75bff06b76bf) revision 7716848'; Using compiler version '192528614'; Build Type 'Release'
OS: 'Windows 11  (10.0.22000) 64bit Core' Language: 'en' Physical Memory: 3499 MB
BatchMode: 1, IsHumanControllingUs: 0, StartBugReporterOnCrash: 0, Is64bit: 1, IsPro: 0

COMMAND LINE ARGUMENTS:
D:\important programs\Unity 2020.3.43f1\Editor\Unity.exe
-adb2
-batchMode
-noUpm
-name
AssetImportWorker0
-projectPath
D:/classes/game construction/Tutorial 1.5
-logFile
Logs/AssetImportWorker0.log
-srvPort
51602
Successfully changed project path to: D:/classes/game construction/Tutorial 1.5
D:/classes/game construction/Tutorial 1.5
Using Asset Import Pipeline V2.
Refreshing native plugins compatible for Editor in 521.21 ms, found 3 plugins.
Preloading 0 native plugins for Editor in 0.00 ms.
Initialize engine version: 2020.3.43f1 (75bff06b76bf)
[Subsystems] Discovering subsystems at path D:/important programs/Unity 2020.3.43f1/Editor/Data/Resources/UnitySubsystems
[Subsystems] Discovering subsystems at path D:/classes/game construction/Tutorial 1.5/Assets
GfxDevice: creating device client; threaded=0
Direct3D:
    Version:  Direct3D 11.0 [level 11.1]
    Renderer: AMD Radeon(TM) Graphics (ID=0x15d8)
    Vendor:   
    VRAM:     1749 MB
    Driver:   30.0.13044.0
Initialize mono
Mono path[0] = 'D:/important programs/Unity 2020.3.43f1/Editor/Data/Managed'
Mono path[1] = 'D:/important programs/Unity 2020.3.43f1/Editor/Data/MonoBleedingEdge/lib/mono/unityjit'
Mono config path = 'D:/important programs/Unity 2020.3.43f1/Editor/Data/MonoBleedingEdge/etc'
Using monoOptions --debugger-agent=transport=dt_socket,embedding=1,server=y,suspend=n,address=127.0.0.1:56752
Begin MonoManager ReloadAssembly
Registering precompiled unity dll's ...
Register platform support module: D:/important programs/Unity 2020.3.43f1/Editor/Data/PlaybackEngines/WebGLSupport/UnityEditor.WebGL.Extensions.dll
Register platform support module: D:/important programs/Unity 2020.3.43f1/Editor/Data/PlaybackEngines/WindowsStandaloneSupport/UnityEditor.WindowsStandalone.Extensions.dll
Registered in 0.739058 seconds.
Native extension for WindowsStandalone target not found
Native extension for WebGL target not found
Refreshing native plugins compatible for Editor in 124.70 ms, found 3 plugins.
Preloading 0 native plugins for Editor in 0.00 ms.
Mono: successfully reloaded assembly
- Completed reload, in 26.969 seconds
Domain Reload Profiling:
	ReloadAssembly (26970ms)
		BeginReloadAssembly (24530ms)
			ExecutionOrderSort (0ms)
			DisableScriptedObjects (0ms)
			BackupInstance (0ms)
			ReleaseScriptingObjects (0ms)
			CreateAndSetChildDomain (25ms)
		EndReloadAssembly (1438ms)
			LoadAssemblies (24497ms)
			RebuildTransferFunctionScriptingTraits (9ms)
			SetupTypeCache (505ms)
			ReleaseScriptCaches (0ms)
			RebuildScriptCaches (78ms)
			SetupLoadedEditorAssemblies (505ms)
				LogAssemblyErrors (0ms)
				InitializePlatformSupportModulesInManaged (22ms)
				SetLoadedEditorAssemblies (0ms)
				RefreshPlugins (125ms)
				BeforeProcessingInitializeOnLoad (31ms)
				ProcessInitializeOnLoadAttributes (224ms)
				ProcessInitializeOnLoadMethodAttributes (99ms)
				AfterProcessingInitializeOnLoad (0ms)
				EditorAssembliesLoaded (2ms)
			ExecutionOrderSort2 (0ms)
			AwakeInstancesAfterBackupRestoration (0ms)
Platform modules already initialized, skipping
Registering precompiled user dll's ...
Registered in 0.003780 seconds.
Begin MonoManager ReloadAssembly
Native extension for WindowsStandalone target not found
Native extension for WebGL target not found
Refreshing native plugins compatible for Editor in 147.68 ms, found 3 plugins.
Preloading 0 native plugins for Editor in 0.00 ms.
Mono: successfully reloaded assembly
- Completed reload, in 24.726 seconds
Domain Reload Profiling:
	ReloadAssembly (24760ms)
		BeginReloadAssembly (7879ms)
			ExecutionOrderSort (0ms)
			DisableScriptedObjects (11ms)
			BackupInstance (0ms)
			ReleaseScriptingObjects (0ms)
			CreateAndSetChildDomain (147ms)
		EndReloadAssembly (16771ms)
			LoadAssemblies (17871ms)
			RebuildTransferFunctionScriptingTraits (0ms)
			SetupTypeCache (903ms)
			ReleaseScriptCaches (1ms)
			RebuildScriptCaches (98ms)
			SetupLoadedEditorAssemblies (4977ms)
				LogAssemblyErrors (0ms)
				InitializePlatformSupportModulesInManaged (19ms)
				SetLoadedEditorAssemblies (1ms)
				RefreshPlugins (148ms)
				BeforeProcessingInitializeOnLoad (284ms)
				ProcessInitializeOnLoadAttributes (867ms)
				ProcessInitializeOnLoadMethodAttributes (3643ms)
				AfterProcessingInitializeOnLoad (12ms)
				EditorAssembliesLoaded (3ms)
			ExecutionOrderSort2 (0ms)
			AwakeInstancesAfterBackupRestoration (8ms)
Platform modules already initialized, skipping
========================================================================
Worker process is ready to serve import requests
Launched and connected shader compiler UnityShaderCompiler.exe after 0.22 seconds
Refreshing native plugins compatible for Editor in 0.91 ms, found 3 plugins.
Preloading 0 native plugins for Editor in 0.00 ms.
Unloading 2184 Unused Serialized files (Serialized files now loaded: 0)
System memory in use before: 96.3 MB.
System memory in use after: 96.3 MB.

Unloading 31 unused Assets to reduce memory usage. Loaded Objects now: 2616.
Total: 32.889800 ms (FindLiveObjects: 1.446300 ms CreateObjectMapping: 0.562400 ms MarkObjects: 29.733900 ms  DeleteObjects: 1.144700 ms)

AssetImportParameters requested are different than current active one (requested -> active):
  custom:framework-win-MediaFoundation: 216162199b28c13a410421893ffa2e32 -> 
  custom:video-decoder-ogg-theora: a1e56fd34408186e4bbccfd4996cb3dc -> 
  custom:container-muxer-webm: aa71ff27fc2769a1b78a27578f13a17b -> 
  custom:container-demuxer-webm: 4f35f7cbe854078d1ac9338744f61a02 -> 
  custom:container-demuxer-ogg: 62fdf1f143b41e24485cea50d1cbac27 -> 
  custom:video-encoder-webm-vp8: eb34c28f22e8b96e1ab97ce403110664 -> 
  custom:video-decoder-webm-vp8: 9c59270c3fd7afecdb556c50c9e8de78 -> 
  custom:audio-decoder-ogg-vorbis: bf7c407c2cedff20999df2af8eb42d56 -> 
  custom:audio-encoder-webm-vorbis: bf7c407c2cedff20999df2af8eb42d56 -> 
========================================================================
Received Import Request.
  path: Assets/poker_face.wav
  artifactKey: Guid(50ebb627524aa634aa6bd31864e7cf83) Importer(815301076,1909f56bfc062723c751e8b465ee728b)
Start importing Assets/poker_face.wav using Guid(50ebb627524aa634aa6bd31864e7cf83) Importer(815301076,1909f56bfc062723c751e8b465ee728b)  -> (artifact id: '2a1de1b0e5b12bf4135966479b91b62f') in 0.758307 seconds 
========================================================================
Received Import Request.
  Time since last request: 0.001460 seconds.
  path: Assets/Winds Of Stories.mp3
  artifactKey: Guid(56024dfed0e68b8489179e4abce12549) Importer(815301076,1909f56bfc062723c751e8b465ee728b)
Start importing Assets/Winds Of Stories.mp3 using Guid(56024dfed0e68b8489179e4abce12549) Importer(815301076,1909f56bfc062723c751e8b465ee728b)  -> (artifact id: '9a2af2d8a495605d4b638ad0c14c0a84') in 0.129639 seconds 
========================================================================
Received Import Request.
  Time since last request: 0.000484 seconds.
  path: Assets/Hero Immortal.mp3
  artifactKey: Guid(7efa22873cee855478ba620628aa8583) Importer(815301076,1909f56bfc062723c751e8b465ee728b)
Start importing Assets/Hero Immortal.mp3 using Guid(7efa22873cee855478ba620628aa8583) Importer(815301076,1909f56bfc062723c751e8b465ee728b)  -> (artifact id: '5153e9097ac86a428d11a4b58b7e0635') in 0.144739 seconds 
========================================================================
Received Prepare
Registering precompiled user dll's ...
Registered in 0.403465 seconds.
Begin MonoManager ReloadAssembly
Native extension for WindowsStandalone target not found
Native extension for WebGL target not found
Refreshing native plugins compatible for Editor in 134.70 ms, found 3 plugins.
Preloading 0 native plugins for Editor in 0.00 ms.
Mono: successfully reloaded assembly
- Completed reload, in 35.263 seconds
Domain Reload Profiling:
	ReloadAssembly (35276ms)
		BeginReloadAssembly (8892ms)
			ExecutionOrderSort (0ms)
			DisableScriptedObjects (75ms)
			BackupInstance (0ms)
			ReleaseScriptingObjects (2ms)
			CreateAndSetChildDomain (379ms)
		EndReloadAssembly (26263ms)
			LoadAssemblies (22658ms)
			RebuildTransferFunctionScriptingTraits (5ms)
			SetupTypeCache (2267ms)
			ReleaseScriptCaches (89ms)
			RebuildScriptCaches (660ms)
			SetupLoadedEditorAssemblies (6084ms)
				LogAssemblyErrors (0ms)
				InitializePlatformSupportModulesInManaged (57ms)
				SetLoadedEditorAssemblies (34ms)
				RefreshPlugins (148ms)
				BeforeProcessingInitializeOnLoad (970ms)
				ProcessInitializeOnLoadAttributes (994ms)
				ProcessInitializeOnLoadMethodAttributes (3865ms)
				AfterProcessingInitializeOnLoad (8ms)
				EditorAssembliesLoaded (8ms)
			ExecutionOrderSort2 (1ms)
			AwakeInstancesAfterBackupRestoration (23ms)
Platform modules already initialized, skipping
Refreshing native plugins compatible for Editor in 1.00 ms, found 3 plugins.
Preloading 0 native plugins for Editor in 0.00 ms.
Unloading 2180 Unused Serialized files (Serialized files now loaded: 0)
System memory in use before: 99.4 MB.
System memory in use after: 99.4 MB.

Unloading 20 unused Assets to reduce memory usage. Loaded Objects now: 2630.
Total: 81.235200 ms (FindLiveObjects: 11.346200 ms CreateObjectMapping: 0.398200 ms MarkObjects: 66.318000 ms  DeleteObjects: 3.170700 ms)

AssetImportParameters requested are different than current active one (requested -> active):
  custom:framework-win-MediaFoundation: 216162199b28c13a410421893ffa2e32 -> 
  custom:video-decoder-ogg-theora: a1e56fd34408186e4bbccfd4996cb3dc -> 
  custom:container-muxer-webm: aa71ff27fc2769a1b78a27578f13a17b -> 
  custom:container-demuxer-webm: 4f35f7cbe854078d1ac9338744f61a02 -> 
  custom:container-demuxer-ogg: 62fdf1f143b41e24485cea50d1cbac27 -> 
  custom:video-encoder-webm-vp8: eb34c28f22e8b96e1ab97ce403110664 -> 
  custom:video-decoder-webm-vp8: 9c59270c3fd7afecdb556c50c9e8de78 -> 
  custom:audio-decoder-ogg-vorbis: bf7c407c2cedff20999df2af8eb42d56 -> 
  custom:audio-encoder-webm-vorbis: bf7c407c2cedff20999df2af8eb42d56 -> 
========================================================================
Received Import Request.
  Time since last request: 160.270716 seconds.
  path: Assets/sc.cs
  artifactKey: Guid(934d01717534b294f82c6dd948ece1a7) Importer(815301076,1909f56bfc062723c751e8b465ee728b)
Start importing Assets/sc.cs using Guid(934d01717534b294f82c6dd948ece1a7) Importer(815301076,1909f56bfc062723c751e8b465ee728b)  -> (artifact id: 'ecce0ff666ec290bd992326df39a7e22') in 0.165257 seconds 
========================================================================
Received Prepare
Registering precompiled user dll's ...
Registered in 0.009879 seconds.
Begin MonoManager ReloadAssembly
Native extension for WindowsStandalone target not found
Native extension for WebGL target not found
Refreshing native plugins compatible for Editor in 3.81 ms, found 3 plugins.
Preloading 0 native plugins for Editor in 0.00 ms.
Mono: successfully reloaded assembly
- Completed reload, in 27.754 seconds
Domain Reload Profiling:
	ReloadAssembly (27770ms)
		BeginReloadAssembly (8135ms)
			ExecutionOrderSort (0ms)
			DisableScriptedObjects (75ms)
			BackupInstance (0ms)
			ReleaseScriptingObjects (1ms)
			CreateAndSetChildDomain (490ms)
		EndReloadAssembly (19464ms)
			LoadAssemblies (17067ms)
			RebuildTransferFunctionScriptingTraits (4ms)
			SetupTypeCache (904ms)
			ReleaseScriptCaches (2ms)
			RebuildScriptCaches (142ms)
			SetupLoadedEditorAssemblies (7947ms)
				LogAssemblyErrors (0ms)
				InitializePlatformSupportModulesInManaged (31ms)
				SetLoadedEditorAssemblies (7ms)
				RefreshPlugins (6ms)
				BeforeProcessingInitializeOnLoad (2386ms)
				ProcessInitializeOnLoadAttributes (2313ms)
				ProcessInitializeOnLoadMethodAttributes (3190ms)
				AfterProcessingInitializeOnLoad (9ms)
				EditorAssembliesLoaded (6ms)
			ExecutionOrderSort2 (0ms)
			AwakeInstancesAfterBackupRestoration (15ms)
Platform modules already initialized, skipping
Refreshing native plugins compatible for Editor in 1.09 ms, found 3 plugins.
Preloading 0 native plugins for Editor in 0.00 ms.
Unloading 2180 Unused Serialized files (Serialized files now loaded: 0)
System memory in use before: 99.5 MB.
System memory in use after: 99.4 MB.

Unloading 20 unused Assets to reduce memory usage. Loaded Objects now: 2633.
Total: 47.791000 ms (FindLiveObjects: 1.597000 ms CreateObjectMapping: 0.297900 ms MarkObjects: 44.837200 ms  DeleteObjects: 1.055900 ms)

AssetImportParameters requested are different than current active one (requested -> active):
  custom:framework-win-MediaFoundation: 216162199b28c13a410421893ffa2e32 -> 
  custom:video-decoder-ogg-theora: a1e56fd34408186e4bbccfd4996cb3dc -> 
  custom:container-muxer-webm: aa71ff27fc2769a1b78a27578f13a17b -> 
  custom:container-demuxer-webm: 4f35f7cbe854078d1ac9338744f61a02 -> 
  custom:container-demuxer-ogg: 62fdf1f143b41e24485cea50d1cbac27 -> 
  custom:video-encoder-webm-vp8: eb34c28f22e8b96e1ab97ce403110664 -> 
  custom:video-decoder-webm-vp8: 9c59270c3fd7afecdb556c50c9e8de78 -> 
  custom:audio-decoder-ogg-vorbis: bf7c407c2cedff20999df2af8eb42d56 -> 
  custom:audio-encoder-webm-vorbis: bf7c407c2cedff20999df2af8eb42d56 -> 
========================================================================
Received Prepare
Registering precompiled user dll's ...
Registered in 0.037649 seconds.
Begin MonoManager ReloadAssembly
Native extension for WindowsStandalone target not found
Native extension for WebGL target not found
Refreshing native plugins compatible for Editor in 1.67 ms, found 3 plugins.
Preloading 0 native plugins for Editor in 0.00 ms.
Mono: successfully reloaded assembly
- Completed reload, in 26.852 seconds
Domain Reload Profiling:
	ReloadAssembly (26883ms)
		BeginReloadAssembly (10261ms)
			ExecutionOrderSort (0ms)
			DisableScriptedObjects (110ms)
			BackupInstance (0ms)
			ReleaseScriptingObjects (2ms)
			CreateAndSetChildDomain (639ms)
		EndReloadAssembly (16457ms)
			LoadAssemblies (20682ms)
			RebuildTransferFunctionScriptingTraits (0ms)
			SetupTypeCache (691ms)
			ReleaseScriptCaches (3ms)
			RebuildScriptCaches (106ms)
			SetupLoadedEditorAssemblies (3884ms)
				LogAssemblyErrors (0ms)
				InitializePlatformSupportModulesInManaged (17ms)
				SetLoadedEditorAssemblies (2ms)
				RefreshPlugins (2ms)
				BeforeProcessingInitializeOnLoad (303ms)
				ProcessInitializeOnLoadAttributes (1367ms)
				ProcessInitializeOnLoadMethodAttributes (2186ms)
				AfterProcessingInitializeOnLoad (8ms)
				EditorAssembliesLoaded (0ms)
			ExecutionOrderSort2 (0ms)
			AwakeInstancesAfterBackupRestoration (12ms)
Platform modules already initialized, skipping
Refreshing native plugins compatible for Editor in 0.98 ms, found 3 plugins.
Preloading 0 native plugins for Editor in 0.00 ms.
Unloading 2180 Unused Serialized files (Serialized files now loaded: 0)
System memory in use before: 99.5 MB.
System memory in use after: 99.5 MB.

Unloading 20 unused Assets to reduce memory usage. Loaded Objects now: 2636.
Total: 34.768900 ms (FindLiveObjects: 1.829000 ms CreateObjectMapping: 0.213700 ms MarkObjects: 32.023600 ms  DeleteObjects: 0.700600 ms)

AssetImportParameters requested are different than current active one (requested -> active):
  custom:framework-win-MediaFoundation: 216162199b28c13a410421893ffa2e32 -> 
  custom:video-decoder-ogg-theora: a1e56fd34408186e4bbccfd4996cb3dc -> 
  custom:container-muxer-webm: aa71ff27fc2769a1b78a27578f13a17b -> 
  custom:container-demuxer-webm: 4f35f7cbe854078d1ac9338744f61a02 -> 
  custom:container-demuxer-ogg: 62fdf1f143b41e24485cea50d1cbac27 -> 
  custom:video-encoder-webm-vp8: eb34c28f22e8b96e1ab97ce403110664 -> 
  custom:video-decoder-webm-vp8: 9c59270c3fd7afecdb556c50c9e8de78 -> 
  custom:audio-decoder-ogg-vorbis: bf7c407c2cedff20999df2af8eb42d56 -> 
  custom:audio-encoder-webm-vorbis: bf7c407c2cedff20999df2af8eb42d56 -> 
========================================================================
Received Prepare
Registering precompiled user dll's ...
Registered in 0.005604 seconds.
Begin MonoManager ReloadAssembly
Native extension for WindowsStandalone target not found
Native extension for WebGL target not found
Refreshing native plugins compatible for Editor in 1.17 ms, found 3 plugins.
Preloading 0 native plugins for Editor in 0.00 ms.
Mono: successfully reloaded assembly
- Completed reload, in 20.193 seconds
Domain Reload Profiling:
	ReloadAssembly (20218ms)
		BeginReloadAssembly (8509ms)
			ExecutionOrderSort (0ms)
			DisableScriptedObjects (73ms)
			BackupInstance (0ms)
			ReleaseScriptingObjects (1ms)
			CreateAndSetChildDomain (353ms)
		EndReloadAssembly (11523ms)
			LoadAssemblies (15049ms)
			RebuildTransferFunctionScriptingTraits (6ms)
			SetupTypeCache (740ms)
			ReleaseScriptCaches (2ms)
			RebuildScriptCaches (86ms)
			SetupLoadedEditorAssemblies (3141ms)
				LogAssemblyErrors (0ms)
				InitializePlatformSupportModulesInManaged (23ms)
				SetLoadedEditorAssemblies (9ms)
				RefreshPlugins (1ms)
				BeforeProcessingInitializeOnLoad (249ms)
				ProcessInitializeOnLoadAttributes (569ms)
				ProcessInitializeOnLoadMethodAttributes (2280ms)
				AfterProcessingInitializeOnLoad (7ms)
				EditorAssembliesLoaded (2ms)
			ExecutionOrderSort2 (0ms)
			AwakeInstancesAfterBackupRestoration (13ms)
Platform modules already initialized, skipping
Refreshing native plugins compatible for Editor in 1.49 ms, found 3 plugins.
Preloading 0 native plugins for Editor in 0.00 ms.
Unloading 2180 Unused Serialized files (Serialized files now loaded: 0)
System memory in use before: 99.5 MB.
System memory in use after: 99.5 MB.

Unloading 20 unused Assets to reduce memory usage. Loaded Objects now: 2639.
Total: 36.613800 ms (FindLiveObjects: 1.228100 ms CreateObjectMapping: 0.162300 ms MarkObjects: 31.570700 ms  DeleteObjects: 3.650000 ms)

AssetImportParameters requested are different than current active one (requested -> active):
  custom:framework-win-MediaFoundation: 216162199b28c13a410421893ffa2e32 -> 
  custom:video-decoder-ogg-theora: a1e56fd34408186e4bbccfd4996cb3dc -> 
  custom:container-muxer-webm: aa71ff27fc2769a1b78a27578f13a17b -> 
  custom:container-demuxer-webm: 4f35f7cbe854078d1ac9338744f61a02 -> 
  custom:container-demuxer-ogg: 62fdf1f143b41e24485cea50d1cbac27 -> 
  custom:video-encoder-webm-vp8: eb34c28f22e8b96e1ab97ce403110664 -> 
  custom:video-decoder-webm-vp8: 9c59270c3fd7afecdb556c50c9e8de78 -> 
  custom:audio-decoder-ogg-vorbis: bf7c407c2cedff20999df2af8eb42d56 -> 
  custom:audio-encoder-webm-vorbis: bf7c407c2cedff20999df2af8eb42d56 -> 
========================================================================
Received Prepare
Registering precompiled user dll's ...
Registered in 2.152376 seconds.
Begin MonoManager ReloadAssembly
Native extension for WindowsStandalone target not found
Native extension for WebGL target not found
Refreshing native plugins compatible for Editor in 0.91 ms, found 3 plugins.
Preloading 0 native plugins for Editor in 0.00 ms.
Mono: successfully reloaded assembly
- Completed reload, in 21.391 seconds
Domain Reload Profiling:
	ReloadAssembly (21401ms)
		BeginReloadAssembly (8392ms)
			ExecutionOrderSort (0ms)
			DisableScriptedObjects (51ms)
			BackupInstance (0ms)
			ReleaseScriptingObjects (1ms)
			CreateAndSetChildDomain (353ms)
		EndReloadAssembly (12847ms)
			LoadAssemblies (16639ms)
			RebuildTransferFunctionScriptingTraits (0ms)
			SetupTypeCache (655ms)
			ReleaseScriptCaches (2ms)
			RebuildScriptCaches (96ms)
			SetupLoadedEditorAssemblies (2957ms)
				LogAssemblyErrors (0ms)
				InitializePlatformSupportModulesInManaged (16ms)
				SetLoadedEditorAssemblies (2ms)
				RefreshPlugins (1ms)
				BeforeProcessingInitializeOnLoad (216ms)
				ProcessInitializeOnLoadAttributes (462ms)
				ProcessInitializeOnLoadMethodAttributes (2253ms)
				AfterProcessingInitializeOnLoad (7ms)
				EditorAssembliesLoaded (1ms)
			ExecutionOrderSort2 (0ms)
			AwakeInstancesAfterBackupRestoration (10ms)
Platform modules already initialized, skipping
Refreshing native plugins compatible for Editor in 0.97 ms, found 3 plugins.
Preloading 0 native plugins for Editor in 0.00 ms.
Unloading 2180 Unused Serialized files (Serialized files now loaded: 0)
System memory in use before: 99.4 MB.
System memory in use after: 99.4 MB.

Unloading 20 unused Assets to reduce memory usage. Loaded Objects now: 2642.
Total: 34.891600 ms (FindLiveObjects: 2.281700 ms CreateObjectMapping: 0.273900 ms MarkObjects: 31.994400 ms  DeleteObjects: 0.339200 ms)

AssetImportParameters requested are different than current active one (requested -> active):
  custom:framework-win-MediaFoundation: 216162199b28c13a410421893ffa2e32 -> 
  custom:video-decoder-ogg-theora: a1e56fd34408186e4bbccfd4996cb3dc -> 
  custom:container-muxer-webm: aa71ff27fc2769a1b78a27578f13a17b -> 
  custom:container-demuxer-webm: 4f35f7cbe854078d1ac9338744f61a02 -> 
  custom:container-demuxer-ogg: 62fdf1f143b41e24485cea50d1cbac27 -> 
  custom:video-encoder-webm-vp8: eb34c28f22e8b96e1ab97ce403110664 -> 
  custom:video-decoder-webm-vp8: 9c59270c3fd7afecdb556c50c9e8de78 -> 
  custom:audio-decoder-ogg-vorbis: bf7c407c2cedff20999df2af8eb42d56 -> 
  custom:audio-encoder-webm-vorbis: bf7c407c2cedff20999df2af8eb42d56 -> 
========================================================================
Received Prepare
Refreshing native plugins compatible for Editor in 402.85 ms, found 3 plugins.
Preloading 0 native plugins for Editor in 0.00 ms.
Unloading 18 Unused Serialized files (Serialized files now loaded: 0)
System memory in use before: 56.5 MB.
System memory in use after: 56.4 MB.

Unloading 18 unused Assets to reduce memory usage. Loaded Objects now: 2642.
Total: 5.583100 ms (FindLiveObjects: 0.300400 ms CreateObjectMapping: 0.093700 ms MarkObjects: 4.955500 ms  DeleteObjects: 0.232100 ms)

AssetImportParameters requested are different than current active one (requested -> active):
  custom:framework-win-MediaFoundation: 216162199b28c13a410421893ffa2e32 -> 
  custom:video-decoder-ogg-theora: a1e56fd34408186e4bbccfd4996cb3dc -> 
  custom:container-muxer-webm: aa71ff27fc2769a1b78a27578f13a17b -> 
  custom:container-demuxer-webm: 4f35f7cbe854078d1ac9338744f61a02 -> 
  custom:container-demuxer-ogg: 62fdf1f143b41e24485cea50d1cbac27 -> 
  custom:video-encoder-webm-vp8: eb34c28f22e8b96e1ab97ce403110664 -> 
  custom:video-decoder-webm-vp8: 9c59270c3fd7afecdb556c50c9e8de78 -> 
  custom:audio-decoder-ogg-vorbis: bf7c407c2cedff20999df2af8eb42d56 -> 
  custom:audio-encoder-webm-vorbis: bf7c407c2cedff20999df2af8eb42d56 -> 
========================================================================
Received Import Request.
  Time since last request: 2653.350253 seconds.
  path: Assets/poker_face.wav
  artifactKey: Guid(50ebb627524aa634aa6bd31864e7cf83) Importer(815301076,1909f56bfc062723c751e8b465ee728b)
Start importing Assets/poker_face.wav using Guid(50ebb627524aa634aa6bd31864e7cf83) Importer(815301076,1909f56bfc062723c751e8b465ee728b)  -> (artifact id: 'bfe547452ad0d02a9ee8369ab0ab96c7') in 0.217226 seconds 
========================================================================
Received Import Request.
  Time since last request: 0.000314 seconds.
  path: Assets/Winds Of Stories.mp3
  artifactKey: Guid(56024dfed0e68b8489179e4abce12549) Importer(815301076,1909f56bfc062723c751e8b465ee728b)
Start importing Assets/Winds Of Stories.mp3 using Guid(56024dfed0e68b8489179e4abce12549) Importer(815301076,1909f56bfc062723c751e8b465ee728b)  -> (artifact id: '52eb533a41a9dc9bdf49c578f8fc2fc2') in 0.089328 seconds 
========================================================================
Received Import Request.
  Time since last request: 0.000338 seconds.
  path: Assets/Hero Immortal.mp3
  artifactKey: Guid(7efa22873cee855478ba620628aa8583) Importer(815301076,1909f56bfc062723c751e8b465ee728b)
Start importing Assets/Hero Immortal.mp3 using Guid(7efa22873cee855478ba620628aa8583) Importer(815301076,1909f56bfc062723c751e8b465ee728b)  -> (artifact id: 'bc611fc04f118db40f9ab4e34a6632e9') in 0.129310 seconds 
AssetImportWorkerClient::OnTransportError - code=2 error=End of file
